<?xml version="1.0" encoding="UTF-8"?>
<!-- Generated by org.testng.reporters.JUnitReportReporter -->
<testsuite hostname="Bharadwaj" failures="0" tests="1" name="testCases.TC_002_LoginTest" time="1.453" errors="0" timestamp="2024-09-06T22:38:44 IST" skipped="0">
  <testcase classname="testCases.TC_002_LoginTest" name="verify_login_page" time="1.453"/>
</testsuite> <!-- testCases.TC_002_LoginTest -->
