<?xml version="1.0" encoding="UTF-8"?>
<!-- Generated by org.testng.reporters.JUnitReportReporter -->
<testsuite hostname="Bharadwaj" failures="0" tests="1" name="testCases.TC_001_AccountRegistrationTest" time="5.837" errors="0" timestamp="2024-09-06T22:38:44 IST" skipped="0">
  <testcase classname="testCases.TC_001_AccountRegistrationTest" name="verify_account_registeration" time="5.837"/>
</testsuite> <!-- testCases.TC_001_AccountRegistrationTest -->
